Arguments: 
  C:\Program Files\nodejs\node.exe C:\Users\ulima\AppData\Roaming\npm\node_modules\yarn\bin\yarn.js init

PATH: 
  C:\Users\ulima\AppData\Roaming\Python\Python310;C:\Users\ulima\AppData\Roaming\Python\Python310\Scripts;H:\Git\cmd;C:\Program Files\Docker\Docker\resources\bin;C:\ProgramData\DockerDesktop\version-bin;C:\Program Files\dotnet\;C:\Program Files\Microsoft SQL Server\Client SDK\ODBC\170\Tools\Binn\;C:\Program Files (x86)\Microsoft SQL Server\150\Tools\Binn\;C:\Program Files\Microsoft SQL Server\150\Tools\Binn\;C:\Program Files\Microsoft SQL Server\150\DTS\Binn\;C:\Program Files\MongoDB\Server\6.0\bin;C:\Program Files\nodejs\;C:\Windows\System32;F:\Ruby31-x64\bin;C:\Users\ulima\AppData\Local\Microsoft\WindowsApps;H:\Microsoft VS Code\bin;C:\Program Files\Docker\Docker\resources\bin;C:\Users\ulima\.dotnet\tools;C:\Program Files\MongoDB\Server\6.0\bin;C:\Users\ulima\AppData\Roaming\npm;

Yarn version: 
  1.22.19

Node version: 
  16.16.0

Platform: 
  win32 x64

Trace: 
  Error: canceled
      at Interface.<anonymous> (C:\Users\ulima\AppData\Roaming\npm\node_modules\yarn\lib\cli.js:137150:13)
      at Interface.emit (node:events:527:28)
      at Interface._ttyWrite (node:readline:1081:16)
      at ReadStream.onkeypress (node:readline:288:10)
      at ReadStream.emit (node:events:527:28)
      at emitKeys (node:internal/readline/utils:358:14)
      at emitKeys.next (<anonymous>)
      at ReadStream.onData (node:internal/readline/emitKeypressEvents:61:36)
      at ReadStream.emit (node:events:527:28)
      at addChunk (node:internal/streams/readable:315:12)

npm manifest: 
  {
    "scripts": {
      "tsc": "tsc",
      "dev": "nodemon src/index.ts",
      "ts:build": "rm -rf ./dist && tsc"
    },
    "devDependencies": {
      "@tsconfig/node16": "^1.0.2",
      "@types/morgan": "^1.9.3",
      "@types/restify": "^8.5.4",
      "@typescript-eslint/eslint-plugin": "^5.22.0",
      "@typescript-eslint/parser": "^5.22.0",
      "eslint": "^8.14.0",
      "eslint-config-google": "^0.14.0",
      "nodemon": "^2.0.16",
      "ts-node": "^10.7.0",
      "typescript": "^4.6.4"
    },
    "dependencies": {
      "@types/axios": "^0.14.0",
      "@types/better-queue": "^3.8.3",
      "@types/mongoose": "^5.11.97",
      "@types/puppeteer": "^5.4.6",
      "@types/restify-errors": "^4.3.4",
      "@types/url-parse": "^1.4.8",
      "@types/uuid": "^8.3.4",
      "@types/uuid4": "^2.0.0",
      "aws-sdk": "^2.1140.0",
      "axios": "^0.27.2",
      "better-queue": "^3.8.10",
      "cheerio": "^1.0.0-rc.11",
      "dayjs": "^1.11.2",
      "dotenv": "^16.0.0",
      "joi": "^17.6.0",
      "mongoose": "^6.3.4",
      "morgan": "^1.10.0",
      "query-string": "^7.1.1",
      "restify": "^8.6.1",
      "restify-cors-middleware2": "^2.1.2",
      "restify-errors": "^8.0.2",
      "restify-router": "^0.6.2",
      "url-parse": "^1.5.10",
      "uuid": "^8.3.2",
      "uuid4": "^2.0.3"
    },
    "name": "backend",
    "version": "1.0.0",
    "main": "index.js",
    "license": "MIT"
  }

yarn manifest: 
  No manifest

Lockfile: 
  No lockfile
